<?xml version="1.0" encoding="UTF-8" ?>
<testsuite tests="33" failures="0" name="ConversionARomanosTest" time="0.012" errors="0" skipped="0">
  <properties>
    <property name="idea.version" value="2022.2.3"/>
    <property name="java.runtime.name" value="OpenJDK Runtime Environment"/>
    <property name="java.vm.version" value="17.0.4.1+1"/>
    <property name="sun.boot.library.path" value="C:\Program Files\Eclipse Adoptium\jdk-17.0.4.101-hotspot\bin"/>
    <property name="maven.multiModuleProjectDirectory" value="C:\Users\Jorge Díez\Desktop\practicaRomanos"/>
    <property name="java.vm.vendor" value="Eclipse Adoptium"/>
    <property name="java.vendor.url" value="https://adoptium.net/"/>
    <property name="guice.disable.misplaced.annotation.check" value="true"/>
    <property name="path.separator" value=";"/>
    <property name="java.vm.name" value="OpenJDK 64-Bit Server VM"/>
    <property name="sun.os.patch.level" value=""/>
    <property name="user.script" value=""/>
    <property name="user.country" value="ES"/>
    <property name="sun.java.launcher" value="SUN_STANDARD"/>
    <property name="java.vm.specification.name" value="Java Virtual Machine Specification"/>
    <property name="user.dir" value="C:\Users\Jorge Díez\Desktop\practicaRomanos"/>
    <property name="java.vm.compressedOopsMode" value="Zero based"/>
    <property name="java.runtime.version" value="17.0.4.1+1"/>
    <property name="os.arch" value="amd64"/>
    <property name="java.io.tmpdir" value="C:\Users\JORGED~1\AppData\Local\Temp\"/>
    <property name="line.separator" value="
"/>
    <property name="java.vm.specification.vendor" value="Oracle Corporation"/>
    <property name="user.variant" value=""/>
    <property name="os.name" value="Windows 11"/>
    <property name="maven.ext.class.path" value="C:\Program Files\JetBrains\IntelliJ IDEA Community Edition 2022.2.3\plugins\maven\lib\maven-event-listener.jar"/>
    <property name="classworlds.conf" value="C:\Program Files\JetBrains\IntelliJ IDEA Community Edition 2022.2.3\plugins\maven\lib\maven3\bin\m2.conf"/>
    <property name="sun.jnu.encoding" value="Cp1252"/>
    <property name="java.library.path" value="C:\Program Files\Eclipse Adoptium\jdk-17.0.4.101-hotspot\bin;C:\WINDOWS\Sun\Java\bin;C:\WINDOWS\system32;C:\WINDOWS;C:\Python311\Scripts\;C:\Python311\;C:\WINDOWS\system32\config\systemprofile\AppData\Local\Microsoft\WindowsApps;C:\Users\Jorge Díez\AppData\Local\Programs\Microsoft VS Code\bin;%IntelliJ IDEA Community Edition%;&quot;C:\Program Files\apache-maven-3.8.6&quot;\bin;C:\Program Files\Java\jdk-17.0.5\bin;C:\Program Files\Git\cmd;C:\Program Files\apache-maven-3.8.6\bin;C:\Program Files\nodejs\;C:\ProgramData\chocolatey\bin;C:\Ruby31-x64\bin;C:\Users\Jorge Díez\AppData\Local\Microsoft\WindowsApps;C:\Program Files\JetBrains\IntelliJ IDEA Community Edition 2022.2.3\bin;;&quot;C:\Program Files\apache-maven-3.8.6\bin&quot;\bin;C:\Users\Jorge Díez\AppData\Roaming\npm;C:\Users\Jorge Díez\AppData\Local\Programs\Microsoft VS Code\bin;."/>
    <property name="maven.conf" value="C:\Program Files\JetBrains\IntelliJ IDEA Community Edition 2022.2.3\plugins\maven\lib\maven3/conf"/>
    <property name="jdk.debug" value="release"/>
    <property name="java.class.version" value="61.0"/>
    <property name="java.specification.name" value="Java Platform API Specification"/>
    <property name="sun.management.compiler" value="HotSpot 64-Bit Tiered Compilers"/>
    <property name="os.version" value="10.0"/>
    <property name="user.home" value="C:\Users\Jorge Díez"/>
    <property name="user.timezone" value="Europe/Madrid"/>
    <property name="file.encoding" value="UTF-8"/>
    <property name="java.specification.version" value="17"/>
    <property name="user.name" value="Jorge Díez"/>
    <property name="java.class.path" value="C:\Program Files\JetBrains\IntelliJ IDEA Community Edition 2022.2.3\plugins\maven\lib\maven3\boot\plexus-classworlds-2.6.0.jar;C:\Program Files\JetBrains\IntelliJ IDEA Community Edition 2022.2.3\plugins\maven\lib\maven3\boot\plexus-classworlds.license"/>
    <property name="java.vm.specification.version" value="17"/>
    <property name="sun.arch.data.model" value="64"/>
    <property name="sun.java.command" value="org.codehaus.classworlds.Launcher -Didea.version=2022.2.3 install"/>
    <property name="java.home" value="C:\Program Files\Eclipse Adoptium\jdk-17.0.4.101-hotspot"/>
    <property name="user.language" value="es"/>
    <property name="java.specification.vendor" value="Oracle Corporation"/>
    <property name="java.vm.info" value="mixed mode, sharing"/>
    <property name="java.version" value="17.0.4.1"/>
    <property name="native.encoding" value="Cp1252"/>
    <property name="java.vendor" value="Eclipse Adoptium"/>
    <property name="maven.home" value="C:\Program Files\JetBrains\IntelliJ IDEA Community Edition 2022.2.3\plugins\maven\lib\maven3"/>
    <property name="file.separator" value="\"/>
    <property name="java.version.date" value="2022-08-12"/>
    <property name="java.vendor.url.bug" value="https://github.com/adoptium/adoptium-support/issues"/>
    <property name="sun.io.unicode.encoding" value="UnicodeLittle"/>
    <property name="sun.cpu.endian" value="little"/>
    <property name="java.vendor.version" value="Temurin-17.0.4.1+1"/>
    <property name="sun.cpu.isalist" value="amd64"/>
  </properties>
  <testcase classname="ConversionARomanosTest" name="testConversion2" time="0.003"/>
  <testcase classname="ConversionARomanosTest" name="testConversion3" time="0"/>
  <testcase classname="ConversionARomanosTest" name="testConversion4" time="0"/>
  <testcase classname="ConversionARomanosTest" name="testConversion5" time="0"/>
  <testcase classname="ConversionARomanosTest" name="testConversion6" time="0"/>
  <testcase classname="ConversionARomanosTest" name="testConversion7" time="0"/>
  <testcase classname="ConversionARomanosTest" name="testConversion8" time="0"/>
  <testcase classname="ConversionARomanosTest" name="testConversion9" time="0"/>
  <testcase classname="ConversionARomanosTest" name="testConversion100" time="0.006"/>
  <testcase classname="ConversionARomanosTest" name="testConversion101" time="0"/>
  <testcase classname="ConversionARomanosTest" name="testConversion122" time="0"/>
  <testcase classname="ConversionARomanosTest" name="testConversion158" time="0"/>
  <testcase classname="ConversionARomanosTest" name="testConversion234" time="0"/>
  <testcase classname="ConversionARomanosTest" name="testConversion372" time="0"/>
  <testcase classname="ConversionARomanosTest" name="testConversion500" time="0"/>
  <testcase classname="ConversionARomanosTest" name="testConversion566" time="0"/>
  <testcase classname="ConversionARomanosTest" name="testConversion893" time="0"/>
  <testcase classname="ConversionARomanosTest" name="testConversion999" time="0"/>
  <testcase classname="ConversionARomanosTest" name="testConversion1000" time="0.003"/>
  <testcase classname="ConversionARomanosTest" name="testConversion1400" time="0"/>
  <testcase classname="ConversionARomanosTest" name="testConversion2000" time="0"/>
  <testcase classname="ConversionARomanosTest" name="testConversion2600" time="0"/>
  <testcase classname="ConversionARomanosTest" name="testConversion2700" time="0"/>
  <testcase classname="ConversionARomanosTest" name="testConversion3000" time="0"/>
  <testcase classname="ConversionARomanosTest" name="testConversion" time="0"/>
  <testcase classname="ConversionARomanosTest" name="testConversion10" time="0"/>
  <testcase classname="ConversionARomanosTest" name="testConversion14" time="0"/>
  <testcase classname="ConversionARomanosTest" name="testConversion16" time="0"/>
  <testcase classname="ConversionARomanosTest" name="testConversion24" time="0"/>
  <testcase classname="ConversionARomanosTest" name="testConversion36" time="0"/>
  <testcase classname="ConversionARomanosTest" name="testConversion49" time="0"/>
  <testcase classname="ConversionARomanosTest" name="testConversion50" time="0"/>
  <testcase classname="ConversionARomanosTest" name="testConversion77" time="0"/>
</testsuite>